<?xml version="1.0" encoding="UTF-8"?>
<!-- Generated by org.testng.reporters.JUnitReportReporter -->
<testsuite hostname="LAPTOP-0V80V27A" failures="0" tests="1" name="restassured.practice.PostRequest" time="5.596" errors="0" timestamp="2023-08-04T12:33:12 IST" skipped="0">
  <testcase classname="restassured.practice.PostRequest" name="postRequest" time="5.596"/>
</testsuite> <!-- restassured.practice.PostRequest -->
