<?xml version="1.0" encoding="UTF-8"?>
<!-- Generated by org.testng.reporters.JUnitReportReporter -->
<testsuite hostname="LAPTOP-0V80V27A" failures="0" tests="1" name="restassured.practice.GetRequestHeaders" time="5.326" errors="0" timestamp="2023-08-04T12:18:18 IST" skipped="0">
  <testcase classname="restassured.practice.GetRequestHeaders" name="sendGetRequest" time="5.326"/>
</testsuite> <!-- restassured.practice.GetRequestHeaders -->
