<?xml version="1.0" encoding="UTF-8"?>
<!-- Generated by org.testng.reporters.JUnitReportReporter -->
<testsuite hostname="LAPTOP-0V80V27A" failures="0" tests="1" name="restassured.practice.PostRequestWithReqBodyAsFile" time="4.974" errors="0" timestamp="2023-08-04T13:29:51 IST" skipped="0">
  <testcase classname="restassured.practice.PostRequestWithReqBodyAsFile" name="postRequest" time="4.974"/>
</testsuite> <!-- restassured.practice.PostRequestWithReqBodyAsFile -->
