<?xml version="1.0" encoding="UTF-8"?>
<!-- Generated by org.testng.reporters.JUnitReportReporter -->
<testsuite hostname="LAPTOP-0V80V27A" failures="0" tests="1" name="chaining.PutRequest" time="4.261" errors="0" timestamp="2023-08-04T20:33:21 IST" skipped="0">
  <testcase classname="chaining.PutRequest" name="updateIncident" time="4.261"/>
</testsuite> <!-- chaining.PutRequest -->
