<?xml version="1.0" encoding="UTF-8"?>
<!-- Generated by org.testng.reporters.JUnitReportReporter -->
<testsuite hostname="LAPTOP-0V80V27A" failures="1" tests="1" name="chaining.PostRequestWithReqBody" time="6.013" errors="0" timestamp="2023-08-04T20:53:17 IST" skipped="0">
  <testcase classname="chaining.PostRequestWithReqBody" name="postRequest" time="6.013">
    <failure message="expected [sys_id] but found [{&quot;result&quot;:{&quot;parent&quot;:&quot;&quot;,&quot;made_sla&quot;:&quot;true&quot;,&quot;caused_by&quot;:&quot;&quot;,&quot;watch_list&quot;:&quot;&quot;,&quot;upon_reject&quot;:&quot;cancel&quot;,&quot;sys_updated_on&quot;:&quot;2023-08-04 15:23:15&quot;,&quot;child_incidents&quot;:&quot;0&quot;,&quot;hold_reason&quot;:&quot;&quot;,&quot;origin_table&quot;:&quot;&quot;,&quot;task_effective_number&quot;:&quot;INC0010032&quot;,&quot;approval_history&quot;:&quot;&quot;,&quot;number&quot;:&quot;INC0010032&quot;,&quot;resolved_by&quot;:&quot;&quot;,&quot;sys_updated_by&quot;:&quot;admin&quot;,&quot;opened_by&quot;:{&quot;link&quot;:&quot;https://dev124530.service-now.com/api/now/table/sys_user/6816f79cc0a8016401c5a33be04be441&quot;,&quot;value&quot;:&quot;6816f79cc0a8016401c5a33be04be441&quot;},&quot;user_input&quot;:&quot;&quot;,&quot;sys_created_on&quot;:&quot;2023-08-04 15:23:15&quot;,&quot;sys_domain&quot;:{&quot;link&quot;:&quot;https://dev124530.service-now.com/api/now/table/sys_user_group/global&quot;,&quot;value&quot;:&quot;global&quot;},&quot;state&quot;:&quot;1&quot;,&quot;route_reason&quot;:&quot;&quot;,&quot;sys_created_by&quot;:&quot;admin&quot;,&quot;knowledge&quot;:&quot;false&quot;,&quot;order&quot;:&quot;&quot;,&quot;calendar_stc&quot;:&quot;&quot;,&quot;closed_at&quot;:&quot;&quot;,&quot;cmdb_ci&quot;:&quot;&quot;,&quot;delivery_plan&quot;:&quot;&quot;,&quot;contract&quot;:&quot;&quot;,&quot;impact&quot;:&quot;3&quot;,&quot;active&quot;:&quot;true&quot;,&quot;work_notes_list&quot;:&quot;&quot;,&quot;business_service&quot;:&quot;&quot;,&quot;business_impact&quot;:&quot;&quot;,&quot;priority&quot;:&quot;5&quot;,&quot;sys_domain_path&quot;:&quot;/&quot;,&quot;rfc&quot;:&quot;&quot;,&quot;time_worked&quot;:&quot;&quot;,&quot;expected_start&quot;:&quot;&quot;,&quot;opened_at&quot;:&quot;2023-08-04 15:23:15&quot;,&quot;business_duration&quot;:&quot;&quot;,&quot;group_list&quot;:&quot;&quot;,&quot;work_end&quot;:&quot;&quot;,&quot;caller_id&quot;:&quot;&quot;,&quot;reopened_time&quot;:&quot;&quot;,&quot;resolved_at&quot;:&quot;&quot;,&quot;approval_set&quot;:&quot;&quot;,&quot;subcategory&quot;:&quot;&quot;,&quot;work_notes&quot;:&quot;&quot;,&quot;universal_request&quot;:&quot;&quot;,&quot;short_description&quot;:&quot;laptop display not working&quot;,&quot;close_code&quot;:&quot;&quot;,&quot;correlation_display&quot;:&quot;&quot;,&quot;delivery_task&quot;:&quot;&quot;,&quot;work_start&quot;:&quot;&quot;,&quot;assignment_group&quot;:&quot;&quot;,&quot;additional_assignee_list&quot;:&quot;&quot;,&quot;business_stc&quot;:&quot;&quot;,&quot;cause&quot;:&quot;&quot;,&quot;description&quot;:&quot;This is my first incident&quot;,&quot;origin_id&quot;:&quot;&quot;,&quot;calendar_duration&quot;:&quot;&quot;,&quot;close_notes&quot;:&quot;&quot;,&quot;notify&quot;:&quot;1&quot;,&quot;service_offering&quot;:&quot;&quot;,&quot;sys_class_name&quot;:&quot;incident&quot;,&quot;closed_by&quot;:&quot;&quot;,&quot;follow_up&quot;:&quot;&quot;,&quot;parent_incident&quot;:&quot;&quot;,&quot;sys_id&quot;:&quot;22619ac0476c71106f612f23846d4399&quot;,&quot;contact_type&quot;:&quot;&quot;,&quot;reopened_by&quot;:&quot;&quot;,&quot;incident_state&quot;:&quot;1&quot;,&quot;urgency&quot;:&quot;3&quot;,&quot;problem_id&quot;:&quot;&quot;,&quot;company&quot;:&quot;&quot;,&quot;reassignment_count&quot;:&quot;0&quot;,&quot;activity_due&quot;:&quot;&quot;,&quot;assigned_to&quot;:&quot;&quot;,&quot;severity&quot;:&quot;3&quot;,&quot;comments&quot;:&quot;&quot;,&quot;approval&quot;:&quot;not requested&quot;,&quot;sla_due&quot;:&quot;&quot;,&quot;comments_and_work_notes&quot;:&quot;&quot;,&quot;due_date&quot;:&quot;&quot;,&quot;sys_mod_count&quot;:&quot;0&quot;,&quot;reopen_count&quot;:&quot;0&quot;,&quot;sys_tags&quot;:&quot;&quot;,&quot;escalation&quot;:&quot;0&quot;,&quot;upon_approval&quot;:&quot;proceed&quot;,&quot;correlation_id&quot;:&quot;&quot;,&quot;location&quot;:&quot;&quot;,&quot;category&quot;:&quot;inquiry&quot;}}]" type="java.lang.AssertionError">
      <![CDATA[java.lang.AssertionError: expected [sys_id] but found [{"result":{"parent":"","made_sla":"true","caused_by":"","watch_list":"","upon_reject":"cancel","sys_updated_on":"2023-08-04 15:23:15","child_incidents":"0","hold_reason":"","origin_table":"","task_effective_number":"INC0010032","approval_history":"","number":"INC0010032","resolved_by":"","sys_updated_by":"admin","opened_by":{"link":"https://dev124530.service-now.com/api/now/table/sys_user/6816f79cc0a8016401c5a33be04be441","value":"6816f79cc0a8016401c5a33be04be441"},"user_input":"","sys_created_on":"2023-08-04 15:23:15","sys_domain":{"link":"https://dev124530.service-now.com/api/now/table/sys_user_group/global","value":"global"},"state":"1","route_reason":"","sys_created_by":"admin","knowledge":"false","order":"","calendar_stc":"","closed_at":"","cmdb_ci":"","delivery_plan":"","contract":"","impact":"3","active":"true","work_notes_list":"","business_service":"","business_impact":"","priority":"5","sys_domain_path":"/","rfc":"","time_worked":"","expected_start":"","opened_at":"2023-08-04 15:23:15","business_duration":"","group_list":"","work_end":"","caller_id":"","reopened_time":"","resolved_at":"","approval_set":"","subcategory":"","work_notes":"","universal_request":"","short_description":"laptop display not working","close_code":"","correlation_display":"","delivery_task":"","work_start":"","assignment_group":"","additional_assignee_list":"","business_stc":"","cause":"","description":"This is my first incident","origin_id":"","calendar_duration":"","close_notes":"","notify":"1","service_offering":"","sys_class_name":"incident","closed_by":"","follow_up":"","parent_incident":"","sys_id":"22619ac0476c71106f612f23846d4399","contact_type":"","reopened_by":"","incident_state":"1","urgency":"3","problem_id":"","company":"","reassignment_count":"0","activity_due":"","assigned_to":"","severity":"3","comments":"","approval":"not requested","sla_due":"","comments_and_work_notes":"","due_date":"","sys_mod_count":"0","reopen_count":"0","sys_tags":"","escalation":"0","upon_approval":"proceed","correlation_id":"","location":"","category":"inquiry"}}]
at org.testng.Assert.fail(Assert.java:111)
at org.testng.Assert.failNotEquals(Assert.java:1578)
at org.testng.Assert.assertEqualsImpl(Assert.java:150)
at org.testng.Assert.assertEquals(Assert.java:132)
at org.testng.Assert.assertEquals(Assert.java:656)
at org.testng.Assert.assertEquals(Assert.java:666)
at chaining.PostRequestWithReqBody.postRequest(PostRequestWithReqBody.java:36)
at java.base/jdk.internal.reflect.NativeMethodAccessorImpl.invoke0(Native Method)
at java.base/jdk.internal.reflect.NativeMethodAccessorImpl.invoke(NativeMethodAccessorImpl.java:77)
at java.base/jdk.internal.reflect.DelegatingMethodAccessorImpl.invoke(DelegatingMethodAccessorImpl.java:43)
at java.base/java.lang.reflect.Method.invoke(Method.java:568)
at org.testng.internal.invokers.MethodInvocationHelper.invokeMethod(MethodInvocationHelper.java:139)
at org.testng.internal.invokers.TestInvoker.invokeMethod(TestInvoker.java:664)
at org.testng.internal.invokers.TestInvoker.invokeTestMethod(TestInvoker.java:227)
at org.testng.internal.invokers.MethodRunner.runInSequence(MethodRunner.java:50)
at org.testng.internal.invokers.TestInvoker$MethodInvocationAgent.invoke(TestInvoker.java:957)
at org.testng.internal.invokers.TestInvoker.invokeTestMethods(TestInvoker.java:200)
at org.testng.internal.invokers.TestMethodWorker.invokeTestMethods(TestMethodWorker.java:148)
at org.testng.internal.invokers.TestMethodWorker.run(TestMethodWorker.java:128)
at java.base/java.util.ArrayList.forEach(ArrayList.java:1511)
at org.testng.TestRunner.privateRun(TestRunner.java:848)
at org.testng.TestRunner.run(TestRunner.java:621)
at org.testng.SuiteRunner.runTest(SuiteRunner.java:443)
at org.testng.SuiteRunner.runSequentially(SuiteRunner.java:437)
at org.testng.SuiteRunner.privateRun(SuiteRunner.java:397)
at org.testng.SuiteRunner.run(SuiteRunner.java:336)
at org.testng.SuiteRunnerWorker.runSuite(SuiteRunnerWorker.java:52)
at org.testng.SuiteRunnerWorker.run(SuiteRunnerWorker.java:95)
at org.testng.TestNG.runSuitesSequentially(TestNG.java:1280)
at org.testng.TestNG.runSuitesLocally(TestNG.java:1200)
at org.testng.TestNG.runSuites(TestNG.java:1114)
at org.testng.TestNG.run(TestNG.java:1082)
at org.testng.remote.AbstractRemoteTestNG.run(AbstractRemoteTestNG.java:115)
at org.testng.remote.RemoteTestNG.initAndRun(RemoteTestNG.java:251)
at org.testng.remote.RemoteTestNG.main(RemoteTestNG.java:77)
]]>
    </failure>
  </testcase> <!-- postRequest -->
</testsuite> <!-- chaining.PostRequestWithReqBody -->
