<?xml version="1.0" encoding="UTF-8"?>
<!-- Generated by org.testng.reporters.JUnitReportReporter -->
<testsuite hostname="LAPTOP-0V80V27A" failures="0" tests="1" name="restassured.practice.GetRequestQueryParam" time="4.886" errors="0" timestamp="2023-08-04T12:05:44 IST" skipped="0">
  <testcase classname="restassured.practice.GetRequestQueryParam" name="sendGetRequest" time="4.886"/>
</testsuite> <!-- restassured.practice.GetRequestQueryParam -->
