<?xml version="1.0" encoding="UTF-8"?>
<!-- Generated by org.testng.reporters.JUnitReportReporter -->
<testsuite hostname="LAPTOP-0V80V27A" failures="0" tests="1" name="restassured.practice.GetRequest" time="5.831" errors="0" timestamp="2023-08-04T11:28:14 IST" skipped="0">
  <testcase classname="restassured.practice.GetRequest" name="sendGetRequest" time="5.831"/>
</testsuite> <!-- restassured.practice.GetRequest -->
