<?xml version="1.0" encoding="UTF-8"?>
<!-- Generated by org.testng.reporters.JUnitReportReporter -->
<testsuite hostname="LAPTOP-0V80V27A" failures="0" tests="1" name="restassured.practice.PatchRequest" time="5.107" errors="0" timestamp="2023-08-04T13:51:26 IST" skipped="0">
  <testcase classname="restassured.practice.PatchRequest" name="updateIncident" time="5.107"/>
</testsuite> <!-- restassured.practice.PatchRequest -->
