<?xml version="1.0" encoding="UTF-8"?>
<!-- Generated by org.testng.reporters.JUnitReportReporter -->
<testsuite hostname="LAPTOP-0V80V27A" failures="0" tests="1" name="restassured.practice.PostRequestWithReqBody" time="5.563" errors="0" timestamp="2023-08-04T15:07:42 IST" skipped="0">
  <testcase classname="restassured.practice.PostRequestWithReqBody" name="postRequest" time="5.563"/>
</testsuite> <!-- restassured.practice.PostRequestWithReqBody -->
