<?xml version="1.0" encoding="UTF-8"?>
<!-- Generated by org.testng.reporters.JUnitReportReporter -->
<testsuite hostname="LAPTOP-0V80V27A" failures="0" tests="1" name="restassured.practice.DeleteRequest" time="4.852" errors="0" timestamp="2023-08-04T13:59:21 IST" skipped="0">
  <testcase classname="restassured.practice.DeleteRequest" name="updateIncident" time="4.852"/>
</testsuite> <!-- restassured.practice.DeleteRequest -->
